2025-07-27 18:59:01 serial = 27182818284
2025-07-27 18:59:01 email = anon
2025-07-27 18:59:01 RTG version = RTG Tools 3.13 / Core c27844a5bb (2025-05-27)
2025-07-27 18:59:01 file.encoding = UTF-8
2025-07-27 18:59:01 file.separator = /
2025-07-27 18:59:01 host.name = GEEGPC
2025-07-27 18:59:01 java.class.path = /home/gtiegs/software/miniforge3/envs/rtg-tools/share/rtg-tools-3.13-0/RTG.jar
2025-07-27 18:59:01 java.class.version = 67.0
2025-07-27 18:59:01 java.home = /home/gtiegs/software/miniforge3/envs/rtg-tools/lib/jvm
2025-07-27 18:59:01 java.io.tmpdir = /tmp
2025-07-27 18:59:01 java.library.path = /home/gtiegs/software/miniforge3/envs/rtg-tools/share/rtg-tools-3.13-0
2025-07-27 18:59:01 java.runtime.name = OpenJDK Runtime Environment
2025-07-27 18:59:01 java.runtime.version = 23.0.2-internal-adhoc.conda.src
2025-07-27 18:59:01 java.specification.name = Java Platform API Specification
2025-07-27 18:59:01 java.specification.vendor = Oracle Corporation
2025-07-27 18:59:01 java.specification.version = 23
2025-07-27 18:59:01 java.vendor = N/A
2025-07-27 18:59:01 java.vendor.url = https://openjdk.org/
2025-07-27 18:59:01 java.vendor.url.bug = https://bugreport.java.com/bugreport/
2025-07-27 18:59:01 java.version = 23.0.2-internal
2025-07-27 18:59:01 java.version.date = 2025-01-21
2025-07-27 18:59:01 java.vm.compressedOopsMode = Zero based
2025-07-27 18:59:01 java.vm.info = mixed mode, sharing
2025-07-27 18:59:01 java.vm.name = OpenJDK 64-Bit Server VM
2025-07-27 18:59:01 java.vm.specification.name = Java Virtual Machine Specification
2025-07-27 18:59:01 java.vm.specification.vendor = Oracle Corporation
2025-07-27 18:59:01 java.vm.specification.version = 23
2025-07-27 18:59:01 java.vm.vendor = Oracle Corporation
2025-07-27 18:59:01 java.vm.version = 23.0.2-internal-adhoc.conda.src
2025-07-27 18:59:01 jdk.debug = release
2025-07-27 18:59:01 lang.version = 23.0.2-internal
2025-07-27 18:59:01 line.separator = 

2025-07-27 18:59:01 models.dir = /home/gtiegs/software/miniforge3/envs/rtg-tools/share/rtg-tools-3.13-0/models
2025-07-27 18:59:01 nashorn.option.no.deprecation.warning = true
2025-07-27 18:59:01 native.encoding = UTF-8
2025-07-27 18:59:01 os.arch = amd64
2025-07-27 18:59:01 os.freememory = 8762363904
2025-07-27 18:59:01 os.name = Linux
2025-07-27 18:59:01 os.totalmemory = 10431578112
2025-07-27 18:59:01 os.version = 5.15.167.4-microsoft-standard-WSL2
2025-07-27 18:59:01 path.separator = :
2025-07-27 18:59:01 polyglot.js.nashorn-compat = true
2025-07-27 18:59:01 processor.arch = amd64
2025-07-27 18:59:01 processor.count = 16
2025-07-27 18:59:01 references.dir = /home/gtiegs/software/miniforge3/envs/rtg-tools/share/rtg-tools-3.13-0/references
2025-07-27 18:59:01 runtime.freememory = 161002208
2025-07-27 18:59:01 runtime.maxmemory = 9395240960
2025-07-27 18:59:01 runtime.totalMemory = 176160768
2025-07-27 18:59:02 stderr.encoding = UTF-8
2025-07-27 18:59:02 stdout.encoding = UTF-8
2025-07-27 18:59:02 sun.arch.data.model = 64
2025-07-27 18:59:02 sun.boot.library.path = /home/gtiegs/software/miniforge3/envs/rtg-tools/lib/jvm/lib
2025-07-27 18:59:02 sun.cpu.endian = little
2025-07-27 18:59:02 sun.io.unicode.encoding = UnicodeLittle
2025-07-27 18:59:02 sun.java.command = /home/gtiegs/software/miniforge3/envs/rtg-tools/share/rtg-tools-3.13-0/RTG.jar vcfeval -t WTamuc1412.sdf --baseline truth.vcf.gz --calls all_vcfs/7_pooled_15_fb_norm_Q20_GT.vcf.gz --all-records --squash-ploidy --threads 4 --output vcfeval_output/7_pooled_15_fb_norm_Q20_GT
2025-07-27 18:59:02 sun.java.launcher = SUN_STANDARD
2025-07-27 18:59:02 sun.jnu.encoding = UTF-8
2025-07-27 18:59:02 sun.management.compiler = HotSpot 64-Bit Tiered Compilers
2025-07-27 18:59:02 talkback = true
2025-07-27 18:59:02 usage = false
2025-07-27 18:59:02 user.dir = /home/gtiegs/projects/uleth/indStudy/amplicall
2025-07-27 18:59:02 user.home = /home/gtiegs
2025-07-27 18:59:02 user.language = en
2025-07-27 18:59:02 user.name = gtiegs
2025-07-27 18:59:02 user.timezone = America/Vancouver
2025-07-27 18:59:02 vendor = N/A
2025-07-27 18:59:02 gzipfix.enabled = false
2025-07-27 18:59:02 Command line arguments: rtg vcfeval -t WTamuc1412.sdf --baseline truth.vcf.gz --calls all_vcfs/7_pooled_15_fb_norm_Q20_GT.vcf.gz --all-records --squash-ploidy --threads 4 --output vcfeval_output/7_pooled_15_fb_norm_Q20_GT
2025-07-27 18:59:02 Run Id: e327e435-4d64-4ece-a10b-1d979be3643d
2025-07-27 18:59:02 Referenced SDF-ID: 36cc78f2-a527-4930-8321-981094656881 Type: DNA Sequences: 1 Max-Length: 1215 Min-Length: 1215 Arm: UNKNOWN
2025-07-27 18:59:02 Reference sequence amuc1412-WTversion is used in baseline but not in calls.
2025-07-27 18:59:02 Variant orientors per pass: [squash (1 haplotypes):squash (1 haplotypes)]
2025-07-27 18:59:02 Reference amuc1412-WTversion baseline contains 4 variants.
2025-07-27 18:59:02 Reference amuc1412-WTversion calls contains 0 variants.
2025-07-27 18:59:02 Representation bias correction factor for SNP 0/0.0 = 1.0
2025-07-27 18:59:02 Representation bias correction factor for NON_SNP 0/0.0 = 1.0
2025-07-27 18:59:02 Could not select maximized F-measure threshold from ROC data, only un-thresholded statistics will be shown. Consider selecting a different scoring attribute with --vcf-score-field
2025-07-27 18:59:02 Threshold  True-pos-baseline  True-pos-call  False-pos  False-neg  Precision  Sensitivity  F-measure
----------------------------------------------------------------------------------------------------
     None                  0              0          0          4        NaN       0.0000        NaN

2025-07-27 18:59:02 Finished successfully in 0 s.
