2025-07-27 18:48:16 serial = 27182818284
2025-07-27 18:48:16 email = anon
2025-07-27 18:48:16 RTG version = RTG Tools 3.13 / Core c27844a5bb (2025-05-27)
2025-07-27 18:48:16 file.encoding = UTF-8
2025-07-27 18:48:16 file.separator = /
2025-07-27 18:48:16 host.name = GEEGPC
2025-07-27 18:48:16 java.class.path = /home/gtiegs/software/miniforge3/envs/rtg-tools/share/rtg-tools-3.13-0/RTG.jar
2025-07-27 18:48:16 java.class.version = 67.0
2025-07-27 18:48:16 java.home = /home/gtiegs/software/miniforge3/envs/rtg-tools/lib/jvm
2025-07-27 18:48:16 java.io.tmpdir = /tmp
2025-07-27 18:48:16 java.library.path = /home/gtiegs/software/miniforge3/envs/rtg-tools/share/rtg-tools-3.13-0
2025-07-27 18:48:16 java.runtime.name = OpenJDK Runtime Environment
2025-07-27 18:48:16 java.runtime.version = 23.0.2-internal-adhoc.conda.src
2025-07-27 18:48:16 java.specification.name = Java Platform API Specification
2025-07-27 18:48:16 java.specification.vendor = Oracle Corporation
2025-07-27 18:48:16 java.specification.version = 23
2025-07-27 18:48:16 java.vendor = N/A
2025-07-27 18:48:16 java.vendor.url = https://openjdk.org/
2025-07-27 18:48:16 java.vendor.url.bug = https://bugreport.java.com/bugreport/
2025-07-27 18:48:16 java.version = 23.0.2-internal
2025-07-27 18:48:16 java.version.date = 2025-01-21
2025-07-27 18:48:16 java.vm.compressedOopsMode = Zero based
2025-07-27 18:48:16 java.vm.info = mixed mode, sharing
2025-07-27 18:48:16 java.vm.name = OpenJDK 64-Bit Server VM
2025-07-27 18:48:16 java.vm.specification.name = Java Virtual Machine Specification
2025-07-27 18:48:16 java.vm.specification.vendor = Oracle Corporation
2025-07-27 18:48:16 java.vm.specification.version = 23
2025-07-27 18:48:16 java.vm.vendor = Oracle Corporation
2025-07-27 18:48:16 java.vm.version = 23.0.2-internal-adhoc.conda.src
2025-07-27 18:48:16 jdk.debug = release
2025-07-27 18:48:16 lang.version = 23.0.2-internal
2025-07-27 18:48:16 line.separator = 

2025-07-27 18:48:16 models.dir = /home/gtiegs/software/miniforge3/envs/rtg-tools/share/rtg-tools-3.13-0/models
2025-07-27 18:48:16 nashorn.option.no.deprecation.warning = true
2025-07-27 18:48:16 native.encoding = UTF-8
2025-07-27 18:48:16 os.arch = amd64
2025-07-27 18:48:16 os.freememory = 8913469440
2025-07-27 18:48:16 os.name = Linux
2025-07-27 18:48:16 os.totalmemory = 10431578112
2025-07-27 18:48:16 os.version = 5.15.167.4-microsoft-standard-WSL2
2025-07-27 18:48:16 path.separator = :
2025-07-27 18:48:16 polyglot.js.nashorn-compat = true
2025-07-27 18:48:16 processor.arch = amd64
2025-07-27 18:48:16 processor.count = 16
2025-07-27 18:48:16 references.dir = /home/gtiegs/software/miniforge3/envs/rtg-tools/share/rtg-tools-3.13-0/references
2025-07-27 18:48:16 runtime.freememory = 160501168
2025-07-27 18:48:16 runtime.maxmemory = 9395240960
2025-07-27 18:48:16 runtime.totalMemory = 176160768
2025-07-27 18:48:16 stderr.encoding = UTF-8
2025-07-27 18:48:16 stdout.encoding = UTF-8
2025-07-27 18:48:16 sun.arch.data.model = 64
2025-07-27 18:48:16 sun.boot.library.path = /home/gtiegs/software/miniforge3/envs/rtg-tools/lib/jvm/lib
2025-07-27 18:48:16 sun.cpu.endian = little
2025-07-27 18:48:16 sun.io.unicode.encoding = UnicodeLittle
2025-07-27 18:48:16 sun.java.command = /home/gtiegs/software/miniforge3/envs/rtg-tools/share/rtg-tools-3.13-0/RTG.jar vcfeval -t WTamuc1412.sdf --baseline truth.vcf.gz --calls all_vcfs/6_pooled_20_c3_norm.vcf.gz --all-records --squash-ploidy --threads 4 --output vcfeval_output/6_pooled_20_c3_norm
2025-07-27 18:48:16 sun.java.launcher = SUN_STANDARD
2025-07-27 18:48:16 sun.jnu.encoding = UTF-8
2025-07-27 18:48:16 sun.management.compiler = HotSpot 64-Bit Tiered Compilers
2025-07-27 18:48:16 talkback = true
2025-07-27 18:48:16 usage = false
2025-07-27 18:48:16 user.dir = /home/gtiegs/projects/uleth/indStudy/amplicall
2025-07-27 18:48:16 user.home = /home/gtiegs
2025-07-27 18:48:16 user.language = en
2025-07-27 18:48:16 user.name = gtiegs
2025-07-27 18:48:16 user.timezone = America/Vancouver
2025-07-27 18:48:16 vendor = N/A
2025-07-27 18:48:16 gzipfix.enabled = false
2025-07-27 18:48:16 Command line arguments: rtg vcfeval -t WTamuc1412.sdf --baseline truth.vcf.gz --calls all_vcfs/6_pooled_20_c3_norm.vcf.gz --all-records --squash-ploidy --threads 4 --output vcfeval_output/6_pooled_20_c3_norm
2025-07-27 18:48:16 Run Id: 723c5999-6d87-4591-82d1-2b45bd664520
2025-07-27 18:48:16 Referenced SDF-ID: 36cc78f2-a527-4930-8321-981094656881 Type: DNA Sequences: 1 Max-Length: 1215 Min-Length: 1215 Arm: UNKNOWN
2025-07-27 18:48:16 Variant orientors per pass: [squash (1 haplotypes):squash (1 haplotypes)]
2025-07-27 18:48:16 Reference amuc1412-WTversion baseline contains 4 variants.
2025-07-27 18:48:16 Reference amuc1412-WTversion calls contains 3 variants.
2025-07-27 18:48:16 Reference amuc1412-WTversion had maximum path complexity of 3 at amuc1412-WTversion:141-187
2025-07-27 18:48:16 Representation bias correction factor for SNP 2/2.0 = 1.0
2025-07-27 18:48:16 Representation bias correction factor for NON_SNP 1/1.0 = 1.0
2025-07-27 18:48:16 Selected score threshold using: maximized F-measure
2025-07-27 18:48:16 Threshold  True-pos-baseline  True-pos-call  False-pos  False-neg  Precision  Sensitivity  F-measure
----------------------------------------------------------------------------------------------------
    5.000                  3              3          0          1     1.0000       0.7500     0.8571
     None                  3              3          0          1     1.0000       0.7500     0.8571

2025-07-27 18:48:17 Finished successfully in 0 s.
