2025-07-27 18:48:20 serial = 27182818284
2025-07-27 18:48:20 email = anon
2025-07-27 18:48:20 RTG version = RTG Tools 3.13 / Core c27844a5bb (2025-05-27)
2025-07-27 18:48:20 file.encoding = UTF-8
2025-07-27 18:48:20 file.separator = /
2025-07-27 18:48:20 host.name = GEEGPC
2025-07-27 18:48:20 java.class.path = /home/gtiegs/software/miniforge3/envs/rtg-tools/share/rtg-tools-3.13-0/RTG.jar
2025-07-27 18:48:20 java.class.version = 67.0
2025-07-27 18:48:20 java.home = /home/gtiegs/software/miniforge3/envs/rtg-tools/lib/jvm
2025-07-27 18:48:20 java.io.tmpdir = /tmp
2025-07-27 18:48:20 java.library.path = /home/gtiegs/software/miniforge3/envs/rtg-tools/share/rtg-tools-3.13-0
2025-07-27 18:48:20 java.runtime.name = OpenJDK Runtime Environment
2025-07-27 18:48:20 java.runtime.version = 23.0.2-internal-adhoc.conda.src
2025-07-27 18:48:20 java.specification.name = Java Platform API Specification
2025-07-27 18:48:20 java.specification.vendor = Oracle Corporation
2025-07-27 18:48:20 java.specification.version = 23
2025-07-27 18:48:20 java.vendor = N/A
2025-07-27 18:48:20 java.vendor.url = https://openjdk.org/
2025-07-27 18:48:20 java.vendor.url.bug = https://bugreport.java.com/bugreport/
2025-07-27 18:48:20 java.version = 23.0.2-internal
2025-07-27 18:48:20 java.version.date = 2025-01-21
2025-07-27 18:48:20 java.vm.compressedOopsMode = Zero based
2025-07-27 18:48:20 java.vm.info = mixed mode, sharing
2025-07-27 18:48:20 java.vm.name = OpenJDK 64-Bit Server VM
2025-07-27 18:48:20 java.vm.specification.name = Java Virtual Machine Specification
2025-07-27 18:48:20 java.vm.specification.vendor = Oracle Corporation
2025-07-27 18:48:20 java.vm.specification.version = 23
2025-07-27 18:48:20 java.vm.vendor = Oracle Corporation
2025-07-27 18:48:20 java.vm.version = 23.0.2-internal-adhoc.conda.src
2025-07-27 18:48:20 jdk.debug = release
2025-07-27 18:48:20 lang.version = 23.0.2-internal
2025-07-27 18:48:20 line.separator = 

2025-07-27 18:48:20 models.dir = /home/gtiegs/software/miniforge3/envs/rtg-tools/share/rtg-tools-3.13-0/models
2025-07-27 18:48:20 nashorn.option.no.deprecation.warning = true
2025-07-27 18:48:20 native.encoding = UTF-8
2025-07-27 18:48:20 os.arch = amd64
2025-07-27 18:48:20 os.freememory = 8910184448
2025-07-27 18:48:20 os.name = Linux
2025-07-27 18:48:20 os.totalmemory = 10431578112
2025-07-27 18:48:20 os.version = 5.15.167.4-microsoft-standard-WSL2
2025-07-27 18:48:20 path.separator = :
2025-07-27 18:48:20 polyglot.js.nashorn-compat = true
2025-07-27 18:48:20 processor.arch = amd64
2025-07-27 18:48:20 processor.count = 16
2025-07-27 18:48:20 references.dir = /home/gtiegs/software/miniforge3/envs/rtg-tools/share/rtg-tools-3.13-0/references
2025-07-27 18:48:20 runtime.freememory = 161044400
2025-07-27 18:48:20 runtime.maxmemory = 9395240960
2025-07-27 18:48:20 runtime.totalMemory = 176160768
2025-07-27 18:48:20 stderr.encoding = UTF-8
2025-07-27 18:48:20 stdout.encoding = UTF-8
2025-07-27 18:48:20 sun.arch.data.model = 64
2025-07-27 18:48:20 sun.boot.library.path = /home/gtiegs/software/miniforge3/envs/rtg-tools/lib/jvm/lib
2025-07-27 18:48:20 sun.cpu.endian = little
2025-07-27 18:48:20 sun.io.unicode.encoding = UnicodeLittle
2025-07-27 18:48:20 sun.java.command = /home/gtiegs/software/miniforge3/envs/rtg-tools/share/rtg-tools-3.13-0/RTG.jar vcfeval -t WTamuc1412.sdf --baseline truth.vcf.gz --calls all_vcfs/7_pooled_15_c3_norm_Q10.vcf.gz --all-records --squash-ploidy --threads 4 --output vcfeval_output/7_pooled_15_c3_norm_Q10
2025-07-27 18:48:20 sun.java.launcher = SUN_STANDARD
2025-07-27 18:48:20 sun.jnu.encoding = UTF-8
2025-07-27 18:48:20 sun.management.compiler = HotSpot 64-Bit Tiered Compilers
2025-07-27 18:48:20 talkback = true
2025-07-27 18:48:20 usage = false
2025-07-27 18:48:20 user.dir = /home/gtiegs/projects/uleth/indStudy/amplicall
2025-07-27 18:48:20 user.home = /home/gtiegs
2025-07-27 18:48:20 user.language = en
2025-07-27 18:48:20 user.name = gtiegs
2025-07-27 18:48:20 user.timezone = America/Vancouver
2025-07-27 18:48:20 vendor = N/A
2025-07-27 18:48:20 gzipfix.enabled = false
2025-07-27 18:48:20 Command line arguments: rtg vcfeval -t WTamuc1412.sdf --baseline truth.vcf.gz --calls all_vcfs/7_pooled_15_c3_norm_Q10.vcf.gz --all-records --squash-ploidy --threads 4 --output vcfeval_output/7_pooled_15_c3_norm_Q10
2025-07-27 18:48:20 Run Id: 962ea357-55df-48ae-89e1-6d2e6a947bf5
2025-07-27 18:48:20 Referenced SDF-ID: 36cc78f2-a527-4930-8321-981094656881 Type: DNA Sequences: 1 Max-Length: 1215 Min-Length: 1215 Arm: UNKNOWN
2025-07-27 18:48:20 Variant orientors per pass: [squash (1 haplotypes):squash (1 haplotypes)]
2025-07-27 18:48:20 Reference amuc1412-WTversion baseline contains 4 variants.
2025-07-27 18:48:20 Reference amuc1412-WTversion calls contains 1 variants.
2025-07-27 18:48:20 Reference amuc1412-WTversion had maximum path complexity of 3 at amuc1412-WTversion:141-187
2025-07-27 18:48:20 Representation bias correction factor for SNP 1/1.0 = 1.0
2025-07-27 18:48:20 Representation bias correction factor for NON_SNP 0/0.0 = 1.0
2025-07-27 18:48:21 Selected score threshold using: maximized F-measure
2025-07-27 18:48:21 Threshold  True-pos-baseline  True-pos-call  False-pos  False-neg  Precision  Sensitivity  F-measure
----------------------------------------------------------------------------------------------------
   13.000                  1              1          0          3     1.0000       0.2500     0.4000
     None                  1              1          0          3     1.0000       0.2500     0.4000

2025-07-27 18:48:21 Finished successfully in 0 s.
