2025-07-27 18:59:10 serial = 27182818284
2025-07-27 18:59:10 email = anon
2025-07-27 18:59:10 RTG version = RTG Tools 3.13 / Core c27844a5bb (2025-05-27)
2025-07-27 18:59:10 file.encoding = UTF-8
2025-07-27 18:59:10 file.separator = /
2025-07-27 18:59:10 host.name = GEEGPC
2025-07-27 18:59:10 java.class.path = /home/gtiegs/software/miniforge3/envs/rtg-tools/share/rtg-tools-3.13-0/RTG.jar
2025-07-27 18:59:10 java.class.version = 67.0
2025-07-27 18:59:10 java.home = /home/gtiegs/software/miniforge3/envs/rtg-tools/lib/jvm
2025-07-27 18:59:10 java.io.tmpdir = /tmp
2025-07-27 18:59:10 java.library.path = /home/gtiegs/software/miniforge3/envs/rtg-tools/share/rtg-tools-3.13-0
2025-07-27 18:59:10 java.runtime.name = OpenJDK Runtime Environment
2025-07-27 18:59:10 java.runtime.version = 23.0.2-internal-adhoc.conda.src
2025-07-27 18:59:10 java.specification.name = Java Platform API Specification
2025-07-27 18:59:10 java.specification.vendor = Oracle Corporation
2025-07-27 18:59:10 java.specification.version = 23
2025-07-27 18:59:10 java.vendor = N/A
2025-07-27 18:59:10 java.vendor.url = https://openjdk.org/
2025-07-27 18:59:10 java.vendor.url.bug = https://bugreport.java.com/bugreport/
2025-07-27 18:59:10 java.version = 23.0.2-internal
2025-07-27 18:59:10 java.version.date = 2025-01-21
2025-07-27 18:59:10 java.vm.compressedOopsMode = Zero based
2025-07-27 18:59:10 java.vm.info = mixed mode, sharing
2025-07-27 18:59:10 java.vm.name = OpenJDK 64-Bit Server VM
2025-07-27 18:59:10 java.vm.specification.name = Java Virtual Machine Specification
2025-07-27 18:59:10 java.vm.specification.vendor = Oracle Corporation
2025-07-27 18:59:10 java.vm.specification.version = 23
2025-07-27 18:59:10 java.vm.vendor = Oracle Corporation
2025-07-27 18:59:10 java.vm.version = 23.0.2-internal-adhoc.conda.src
2025-07-27 18:59:10 jdk.debug = release
2025-07-27 18:59:10 lang.version = 23.0.2-internal
2025-07-27 18:59:10 line.separator = 

2025-07-27 18:59:10 models.dir = /home/gtiegs/software/miniforge3/envs/rtg-tools/share/rtg-tools-3.13-0/models
2025-07-27 18:59:10 nashorn.option.no.deprecation.warning = true
2025-07-27 18:59:10 native.encoding = UTF-8
2025-07-27 18:59:10 os.arch = amd64
2025-07-27 18:59:10 os.freememory = 8764395520
2025-07-27 18:59:10 os.name = Linux
2025-07-27 18:59:10 os.totalmemory = 10431578112
2025-07-27 18:59:10 os.version = 5.15.167.4-microsoft-standard-WSL2
2025-07-27 18:59:10 path.separator = :
2025-07-27 18:59:10 polyglot.js.nashorn-compat = true
2025-07-27 18:59:10 processor.arch = amd64
2025-07-27 18:59:10 processor.count = 16
2025-07-27 18:59:10 references.dir = /home/gtiegs/software/miniforge3/envs/rtg-tools/share/rtg-tools-3.13-0/references
2025-07-27 18:59:10 runtime.freememory = 161004496
2025-07-27 18:59:10 runtime.maxmemory = 9395240960
2025-07-27 18:59:10 runtime.totalMemory = 176160768
2025-07-27 18:59:10 stderr.encoding = UTF-8
2025-07-27 18:59:10 stdout.encoding = UTF-8
2025-07-27 18:59:10 sun.arch.data.model = 64
2025-07-27 18:59:10 sun.boot.library.path = /home/gtiegs/software/miniforge3/envs/rtg-tools/lib/jvm/lib
2025-07-27 18:59:10 sun.cpu.endian = little
2025-07-27 18:59:10 sun.io.unicode.encoding = UnicodeLittle
2025-07-27 18:59:10 sun.java.command = /home/gtiegs/software/miniforge3/envs/rtg-tools/share/rtg-tools-3.13-0/RTG.jar vcfeval -t WTamuc1412.sdf --baseline truth.vcf.gz --calls all_vcfs/9_pooled_5_fb_norm_Q10_GT.vcf.gz --all-records --squash-ploidy --threads 4 --output vcfeval_output/9_pooled_5_fb_norm_Q10_GT
2025-07-27 18:59:10 sun.java.launcher = SUN_STANDARD
2025-07-27 18:59:10 sun.jnu.encoding = UTF-8
2025-07-27 18:59:10 sun.management.compiler = HotSpot 64-Bit Tiered Compilers
2025-07-27 18:59:10 talkback = true
2025-07-27 18:59:10 usage = false
2025-07-27 18:59:10 user.dir = /home/gtiegs/projects/uleth/indStudy/amplicall
2025-07-27 18:59:10 user.home = /home/gtiegs
2025-07-27 18:59:10 user.language = en
2025-07-27 18:59:10 user.name = gtiegs
2025-07-27 18:59:10 user.timezone = America/Vancouver
2025-07-27 18:59:10 vendor = N/A
2025-07-27 18:59:10 gzipfix.enabled = false
2025-07-27 18:59:10 Command line arguments: rtg vcfeval -t WTamuc1412.sdf --baseline truth.vcf.gz --calls all_vcfs/9_pooled_5_fb_norm_Q10_GT.vcf.gz --all-records --squash-ploidy --threads 4 --output vcfeval_output/9_pooled_5_fb_norm_Q10_GT
2025-07-27 18:59:10 Run Id: 8c49f2fd-32b6-484d-8694-ea0fd2ec430f
2025-07-27 18:59:10 Referenced SDF-ID: 36cc78f2-a527-4930-8321-981094656881 Type: DNA Sequences: 1 Max-Length: 1215 Min-Length: 1215 Arm: UNKNOWN
2025-07-27 18:59:10 Reference sequence amuc1412-WTversion is used in baseline but not in calls.
2025-07-27 18:59:10 Variant orientors per pass: [squash (1 haplotypes):squash (1 haplotypes)]
2025-07-27 18:59:10 Reference amuc1412-WTversion baseline contains 4 variants.
2025-07-27 18:59:10 Reference amuc1412-WTversion calls contains 0 variants.
2025-07-27 18:59:10 Representation bias correction factor for SNP 0/0.0 = 1.0
2025-07-27 18:59:10 Representation bias correction factor for NON_SNP 0/0.0 = 1.0
2025-07-27 18:59:10 Could not select maximized F-measure threshold from ROC data, only un-thresholded statistics will be shown. Consider selecting a different scoring attribute with --vcf-score-field
2025-07-27 18:59:10 Threshold  True-pos-baseline  True-pos-call  False-pos  False-neg  Precision  Sensitivity  F-measure
----------------------------------------------------------------------------------------------------
     None                  0              0          0          4        NaN       0.0000        NaN

2025-07-27 18:59:11 Finished successfully in 0 s.
