2025-07-27 18:48:15 serial = 27182818284
2025-07-27 18:48:15 email = anon
2025-07-27 18:48:15 RTG version = RTG Tools 3.13 / Core c27844a5bb (2025-05-27)
2025-07-27 18:48:15 file.encoding = UTF-8
2025-07-27 18:48:15 file.separator = /
2025-07-27 18:48:15 host.name = GEEGPC
2025-07-27 18:48:15 java.class.path = /home/gtiegs/software/miniforge3/envs/rtg-tools/share/rtg-tools-3.13-0/RTG.jar
2025-07-27 18:48:15 java.class.version = 67.0
2025-07-27 18:48:15 java.home = /home/gtiegs/software/miniforge3/envs/rtg-tools/lib/jvm
2025-07-27 18:48:15 java.io.tmpdir = /tmp
2025-07-27 18:48:15 java.library.path = /home/gtiegs/software/miniforge3/envs/rtg-tools/share/rtg-tools-3.13-0
2025-07-27 18:48:15 java.runtime.name = OpenJDK Runtime Environment
2025-07-27 18:48:15 java.runtime.version = 23.0.2-internal-adhoc.conda.src
2025-07-27 18:48:15 java.specification.name = Java Platform API Specification
2025-07-27 18:48:15 java.specification.vendor = Oracle Corporation
2025-07-27 18:48:15 java.specification.version = 23
2025-07-27 18:48:15 java.vendor = N/A
2025-07-27 18:48:15 java.vendor.url = https://openjdk.org/
2025-07-27 18:48:15 java.vendor.url.bug = https://bugreport.java.com/bugreport/
2025-07-27 18:48:15 java.version = 23.0.2-internal
2025-07-27 18:48:15 java.version.date = 2025-01-21
2025-07-27 18:48:15 java.vm.compressedOopsMode = Zero based
2025-07-27 18:48:15 java.vm.info = mixed mode, sharing
2025-07-27 18:48:15 java.vm.name = OpenJDK 64-Bit Server VM
2025-07-27 18:48:15 java.vm.specification.name = Java Virtual Machine Specification
2025-07-27 18:48:15 java.vm.specification.vendor = Oracle Corporation
2025-07-27 18:48:15 java.vm.specification.version = 23
2025-07-27 18:48:15 java.vm.vendor = Oracle Corporation
2025-07-27 18:48:15 java.vm.version = 23.0.2-internal-adhoc.conda.src
2025-07-27 18:48:15 jdk.debug = release
2025-07-27 18:48:15 lang.version = 23.0.2-internal
2025-07-27 18:48:15 line.separator = 

2025-07-27 18:48:15 models.dir = /home/gtiegs/software/miniforge3/envs/rtg-tools/share/rtg-tools-3.13-0/models
2025-07-27 18:48:15 nashorn.option.no.deprecation.warning = true
2025-07-27 18:48:15 native.encoding = UTF-8
2025-07-27 18:48:15 os.arch = amd64
2025-07-27 18:48:15 os.freememory = 8906919936
2025-07-27 18:48:15 os.name = Linux
2025-07-27 18:48:15 os.totalmemory = 10431578112
2025-07-27 18:48:15 os.version = 5.15.167.4-microsoft-standard-WSL2
2025-07-27 18:48:15 path.separator = :
2025-07-27 18:48:15 polyglot.js.nashorn-compat = true
2025-07-27 18:48:15 processor.arch = amd64
2025-07-27 18:48:15 processor.count = 16
2025-07-27 18:48:15 references.dir = /home/gtiegs/software/miniforge3/envs/rtg-tools/share/rtg-tools-3.13-0/references
2025-07-27 18:48:15 runtime.freememory = 161547768
2025-07-27 18:48:15 runtime.maxmemory = 9395240960
2025-07-27 18:48:15 runtime.totalMemory = 176160768
2025-07-27 18:48:15 stderr.encoding = UTF-8
2025-07-27 18:48:15 stdout.encoding = UTF-8
2025-07-27 18:48:15 sun.arch.data.model = 64
2025-07-27 18:48:15 sun.boot.library.path = /home/gtiegs/software/miniforge3/envs/rtg-tools/lib/jvm/lib
2025-07-27 18:48:15 sun.cpu.endian = little
2025-07-27 18:48:15 sun.io.unicode.encoding = UnicodeLittle
2025-07-27 18:48:15 sun.java.command = /home/gtiegs/software/miniforge3/envs/rtg-tools/share/rtg-tools-3.13-0/RTG.jar vcfeval -t WTamuc1412.sdf --baseline truth.vcf.gz --calls all_vcfs/6_pooled_20_c3_norm_Q10.vcf.gz --all-records --squash-ploidy --threads 4 --output vcfeval_output/6_pooled_20_c3_norm_Q10
2025-07-27 18:48:15 sun.java.launcher = SUN_STANDARD
2025-07-27 18:48:15 sun.jnu.encoding = UTF-8
2025-07-27 18:48:15 sun.management.compiler = HotSpot 64-Bit Tiered Compilers
2025-07-27 18:48:15 talkback = true
2025-07-27 18:48:15 usage = false
2025-07-27 18:48:15 user.dir = /home/gtiegs/projects/uleth/indStudy/amplicall
2025-07-27 18:48:15 user.home = /home/gtiegs
2025-07-27 18:48:15 user.language = en
2025-07-27 18:48:15 user.name = gtiegs
2025-07-27 18:48:15 user.timezone = America/Vancouver
2025-07-27 18:48:15 vendor = N/A
2025-07-27 18:48:15 gzipfix.enabled = false
2025-07-27 18:48:15 Command line arguments: rtg vcfeval -t WTamuc1412.sdf --baseline truth.vcf.gz --calls all_vcfs/6_pooled_20_c3_norm_Q10.vcf.gz --all-records --squash-ploidy --threads 4 --output vcfeval_output/6_pooled_20_c3_norm_Q10
2025-07-27 18:48:15 Run Id: 4e4b6085-ec99-48b9-891f-0106be2cfd9f
2025-07-27 18:48:15 Referenced SDF-ID: 36cc78f2-a527-4930-8321-981094656881 Type: DNA Sequences: 1 Max-Length: 1215 Min-Length: 1215 Arm: UNKNOWN
2025-07-27 18:48:15 Variant orientors per pass: [squash (1 haplotypes):squash (1 haplotypes)]
2025-07-27 18:48:15 Reference amuc1412-WTversion baseline contains 4 variants.
2025-07-27 18:48:15 Reference amuc1412-WTversion calls contains 2 variants.
2025-07-27 18:48:15 Reference amuc1412-WTversion had maximum path complexity of 3 at amuc1412-WTversion:141-187
2025-07-27 18:48:15 Representation bias correction factor for SNP 2/2.0 = 1.0
2025-07-27 18:48:15 Representation bias correction factor for NON_SNP 0/0.0 = 1.0
2025-07-27 18:48:15 Selected score threshold using: maximized F-measure
2025-07-27 18:48:15 Threshold  True-pos-baseline  True-pos-call  False-pos  False-neg  Precision  Sensitivity  F-measure
----------------------------------------------------------------------------------------------------
   11.000                  2              2          0          2     1.0000       0.5000     0.6667
     None                  2              2          0          2     1.0000       0.5000     0.6667

2025-07-27 18:48:15 Finished successfully in -1 s.
