2025-07-27 18:30:08 serial = 27182818284
2025-07-27 18:30:08 email = anon
2025-07-27 18:30:08 RTG version = RTG Tools 3.13 / Core c27844a5bb (2025-05-27)
2025-07-27 18:30:08 file.encoding = UTF-8
2025-07-27 18:30:08 file.separator = /
2025-07-27 18:30:08 host.name = GEEGPC
2025-07-27 18:30:08 java.class.path = /home/gtiegs/software/miniforge3/envs/rtg-tools/share/rtg-tools-3.13-0/RTG.jar
2025-07-27 18:30:08 java.class.version = 67.0
2025-07-27 18:30:08 java.home = /home/gtiegs/software/miniforge3/envs/rtg-tools/lib/jvm
2025-07-27 18:30:08 java.io.tmpdir = /tmp
2025-07-27 18:30:08 java.library.path = /home/gtiegs/software/miniforge3/envs/rtg-tools/share/rtg-tools-3.13-0
2025-07-27 18:30:08 java.runtime.name = OpenJDK Runtime Environment
2025-07-27 18:30:08 java.runtime.version = 23.0.2-internal-adhoc.conda.src
2025-07-27 18:30:08 java.specification.name = Java Platform API Specification
2025-07-27 18:30:08 java.specification.vendor = Oracle Corporation
2025-07-27 18:30:08 java.specification.version = 23
2025-07-27 18:30:08 java.vendor = N/A
2025-07-27 18:30:08 java.vendor.url = https://openjdk.org/
2025-07-27 18:30:08 java.vendor.url.bug = https://bugreport.java.com/bugreport/
2025-07-27 18:30:08 java.version = 23.0.2-internal
2025-07-27 18:30:08 java.version.date = 2025-01-21
2025-07-27 18:30:08 java.vm.compressedOopsMode = Zero based
2025-07-27 18:30:08 java.vm.info = mixed mode, sharing
2025-07-27 18:30:08 java.vm.name = OpenJDK 64-Bit Server VM
2025-07-27 18:30:08 java.vm.specification.name = Java Virtual Machine Specification
2025-07-27 18:30:08 java.vm.specification.vendor = Oracle Corporation
2025-07-27 18:30:08 java.vm.specification.version = 23
2025-07-27 18:30:08 java.vm.vendor = Oracle Corporation
2025-07-27 18:30:08 java.vm.version = 23.0.2-internal-adhoc.conda.src
2025-07-27 18:30:08 jdk.debug = release
2025-07-27 18:30:08 lang.version = 23.0.2-internal
2025-07-27 18:30:08 line.separator = 

2025-07-27 18:30:08 models.dir = /home/gtiegs/software/miniforge3/envs/rtg-tools/share/rtg-tools-3.13-0/models
2025-07-27 18:30:08 nashorn.option.no.deprecation.warning = true
2025-07-27 18:30:08 native.encoding = UTF-8
2025-07-27 18:30:08 os.arch = amd64
2025-07-27 18:30:08 os.freememory = 8773599232
2025-07-27 18:30:08 os.name = Linux
2025-07-27 18:30:08 os.totalmemory = 10431578112
2025-07-27 18:30:08 os.version = 5.15.167.4-microsoft-standard-WSL2
2025-07-27 18:30:08 path.separator = :
2025-07-27 18:30:08 polyglot.js.nashorn-compat = true
2025-07-27 18:30:08 processor.arch = amd64
2025-07-27 18:30:08 processor.count = 16
2025-07-27 18:30:08 references.dir = /home/gtiegs/software/miniforge3/envs/rtg-tools/share/rtg-tools-3.13-0/references
2025-07-27 18:30:08 runtime.freememory = 161004496
2025-07-27 18:30:08 runtime.maxmemory = 9395240960
2025-07-27 18:30:08 runtime.totalMemory = 176160768
2025-07-27 18:30:08 stderr.encoding = UTF-8
2025-07-27 18:30:08 stdout.encoding = UTF-8
2025-07-27 18:30:08 sun.arch.data.model = 64
2025-07-27 18:30:08 sun.boot.library.path = /home/gtiegs/software/miniforge3/envs/rtg-tools/lib/jvm/lib
2025-07-27 18:30:08 sun.cpu.endian = little
2025-07-27 18:30:08 sun.io.unicode.encoding = UnicodeLittle
2025-07-27 18:30:08 sun.java.command = /home/gtiegs/software/miniforge3/envs/rtg-tools/share/rtg-tools-3.13-0/RTG.jar vcfeval -t WTamuc1412.sdf --baseline truth.vcf.gz --calls all_vcfs/indelqual_6_pooled_20_lf_AF0.03_norm_GT.vcf.gz --all-records --squash-ploidy --threads 4 --output vcfeval_output/6_pooled_20_lf_AF0.03_norm_GT
2025-07-27 18:30:08 sun.java.launcher = SUN_STANDARD
2025-07-27 18:30:08 sun.jnu.encoding = UTF-8
2025-07-27 18:30:08 sun.management.compiler = HotSpot 64-Bit Tiered Compilers
2025-07-27 18:30:08 talkback = true
2025-07-27 18:30:08 usage = false
2025-07-27 18:30:08 user.dir = /home/gtiegs/projects/uleth/indStudy/amplicall
2025-07-27 18:30:08 user.home = /home/gtiegs
2025-07-27 18:30:08 user.language = en
2025-07-27 18:30:08 user.name = gtiegs
2025-07-27 18:30:08 user.timezone = America/Vancouver
2025-07-27 18:30:08 vendor = N/A
2025-07-27 18:30:08 gzipfix.enabled = false
2025-07-27 18:30:08 Command line arguments: rtg vcfeval -t WTamuc1412.sdf --baseline truth.vcf.gz --calls all_vcfs/indelqual_6_pooled_20_lf_AF0.03_norm_GT.vcf.gz --all-records --squash-ploidy --threads 4 --output vcfeval_output/6_pooled_20_lf_AF0.03_norm_GT
2025-07-27 18:30:08 Run Id: 72b7b2b8-2e83-4874-a81d-e62cec8b2b7a
2025-07-27 18:30:08 Referenced SDF-ID: 36cc78f2-a527-4930-8321-981094656881 Type: DNA Sequences: 1 Max-Length: 1215 Min-Length: 1215 Arm: UNKNOWN
2025-07-27 18:30:08 Variant orientors per pass: [squash (1 haplotypes):squash (1 haplotypes)]
2025-07-27 18:30:08 VCF header does not contain a FORMAT field named GQ
2025-07-27 18:30:08 Reference amuc1412-WTversion baseline contains 4 variants.
2025-07-27 18:30:08 Reference amuc1412-WTversion calls contains 5 variants.
2025-07-27 18:30:08 Reference amuc1412-WTversion had maximum path complexity of 3 at amuc1412-WTversion:141-187
2025-07-27 18:30:08 There were 5 variants not thresholded in ROC data files due to missing or invalid GQ (FORMAT) values.
2025-07-27 18:30:08 Representation bias correction factor for SNP 3/3.0 = 1.0
2025-07-27 18:30:08 Representation bias correction factor for NON_SNP 1/1.0 = 1.0
2025-07-27 18:30:09 Could not select maximized F-measure threshold from ROC data, only un-thresholded statistics will be shown. Consider selecting a different scoring attribute with --vcf-score-field
2025-07-27 18:30:09 Threshold  True-pos-baseline  True-pos-call  False-pos  False-neg  Precision  Sensitivity  F-measure
----------------------------------------------------------------------------------------------------
     None                  4              4          1          0     0.8000       1.0000     0.8889

2025-07-27 18:30:09 Finished successfully in 0 s.
